# JRE version: OpenJDK Runtime Environment (11.0.8+10) (build 11.0.8+10-b944.6842174)
# Java VM: OpenJDK 64-Bit Server VM (11.0.8+10-b944.6842174, mixed mode, tiered, compressed oops, g1 gc, windows-amd64)
Heap:
 garbage-first heap   total 452608K, used 161086K [0x0000000080000000, 0x0000000100000000)
  region size 1024K, 2 young (2048K), 2 survivors (2048K)
 Metaspace       used 112695K, capacity 115451K, committed 116608K, reserved 1150976K
  class space    used 14515K, capacity 15525K, committed 16000K, reserved 1048576K
GC Heap History (20 events):
Event: 37.519 GC heap after
{Heap after GC invocations=33 (full 0):
 garbage-first heap   total 188416K, used 153199K [0x0000000080000000, 0x0000000100000000)
  region size 1024K, 2 young (2048K), 2 survivors (2048K)
 Metaspace       used 112444K, capacity 115188K, committed 116352K, reserved 1148928K
  class space    used 14516K, capacity 15536K, committed 16000K, reserved 1048576K
}
Event: 37.540 GC heap before
{Heap before GC invocations=33 (full 0):
 garbage-first heap   total 188416K, used 160367K [0x0000000080000000, 0x0000000100000000)
  region size 1024K, 9 young (9216K), 2 survivors (2048K)
 Metaspace       used 112445K, capacity 115188K, committed 116352K, reserved 1148928K
  class space    used 14516K, capacity 15536K, committed 16000K, reserved 1048576K
}
Event: 37.549 GC heap after
{Heap after GC invocations=34 (full 0):
 garbage-first heap   total 188416K, used 143360K [0x0000000080000000, 0x0000000100000000)
  region size 1024K, 2 young (2048K), 2 survivors (2048K)
 Metaspace       used 112445K, capacity 115188K, committed 116352K, reserved 1148928K
  class space    used 14516K, capacity 15536K, committed 16000K, reserved 1048576K
}
Event: 37.593 GC heap before
{Heap before GC invocations=34 (full 0):
 garbage-first heap   total 188416K, used 153600K [0x0000000080000000, 0x0000000100000000)
  region size 1024K, 12 young (12288K), 2 survivors (2048K)
 Metaspace       used 112547K, capacity 115278K, committed 116352K, reserved 1148928K
  class space    used 14523K, capacity 15542K, committed 16000K, reserved 1048576K
}
Event: 37.599 GC heap after
{Heap after GC invocations=35 (full 0):
 garbage-first heap   total 188416K, used 148411K [0x0000000080000000, 0x0000000100000000)
  region size 1024K, 2 young (2048K), 2 survivors (2048K)
 Metaspace       used 112547K, capacity 115278K, committed 116352K, reserved 1148928K
  class space    used 14523K, capacity 15542K, committed 16000K, reserved 1048576K
}
Event: 37.645 GC heap before
{Heap before GC invocations=35 (full 0):
 garbage-first heap   total 188416K, used 155579K [0x0000000080000000, 0x0000000100000000)
  region size 1024K, 10 young (10240K), 2 survivors (2048K)
 Metaspace       used 112564K, capacity 115291K, committed 116352K, reserved 1148928K
  class space    used 14524K, capacity 15544K, committed 16000K, reserved 1048576K
}
Event: 37.650 GC heap after
{Heap after GC invocations=36 (full 0):
 garbage-first heap   total 188416K, used 151040K [0x0000000080000000, 0x0000000100000000)
  region size 1024K, 2 young (2048K), 2 survivors (2048K)
 Metaspace       used 112564K, capacity 115291K, committed 116352K, reserved 1148928K
  class space    used 14524K, capacity 15544K, committed 16000K, reserved 1048576K
}
Event: 37.736 GC heap before
{Heap before GC invocations=36 (full 0):
 garbage-first heap   total 188416K, used 152064K [0x0000000080000000, 0x0000000100000000)
  region size 1024K, 9 young (9216K), 2 survivors (2048K)
 Metaspace       used 112598K, capacity 115372K, committed 116608K, reserved 1150976K
  class space    used 14513K, capacity 15523K, committed 16000K, reserved 1048576K
}
Event: 37.743 GC heap after
{Heap after GC invocations=37 (full 0):
 garbage-first heap   total 188416K, used 147283K [0x0000000080000000, 0x0000000100000000)
  region size 1024K, 2 young (2048K), 2 survivors (2048K)
 Metaspace       used 112598K, capacity 115372K, committed 116608K, reserved 1150976K
  class space    used 14513K, capacity 15523K, committed 16000K, reserved 1048576K
}
Event: 37.792 GC heap before
{Heap before GC invocations=37 (full 0):
 garbage-first heap   total 188416K, used 156499K [0x0000000080000000, 0x0000000100000000)
  region size 1024K, 11 young (11264K), 2 survivors (2048K)
 Metaspace       used 112611K, capacity 115372K, committed 116608K, reserved 1150976K
  class space    used 14513K, capacity 15523K, committed 16000K, reserved 1048576K
}
Event: 37.802 GC heap after
{Heap after GC invocations=38 (full 0):
 garbage-first heap   total 188416K, used 150356K [0x0000000080000000, 0x0000000100000000)
  region size 1024K, 2 young (2048K), 2 survivors (2048K)
 Metaspace       used 112611K, capacity 115372K, committed 116608K, reserved 1150976K
  class space    used 14513K, capacity 15523K, committed 16000K, reserved 1048576K
}
Event: 37.843 GC heap before
{Heap before GC invocations=39 (full 0):
 garbage-first heap   total 188416K, used 158548K [0x0000000080000000, 0x0000000100000000)
  region size 1024K, 10 young (10240K), 2 survivors (2048K)
 Metaspace       used 112614K, capacity 115372K, committed 116608K, reserved 1150976K
  class space    used 14513K, capacity 15523K, committed 16000K, reserved 1048576K
}
Event: 37.852 GC heap after
{Heap after GC invocations=40 (full 0):
 garbage-first heap   total 226304K, used 152663K [0x0000000080000000, 0x0000000100000000)
  region size 1024K, 2 young (2048K), 2 survivors (2048K)
 Metaspace       used 112614K, capacity 115372K, committed 116608K, reserved 1150976K
  class space    used 14513K, capacity 15523K, committed 16000K, reserved 1048576K
}
Event: 37.900 GC heap before
{Heap before GC invocations=40 (full 0):
 garbage-first heap   total 226304K, used 160855K [0x0000000080000000, 0x0000000100000000)
  region size 1024K, 11 young (11264K), 2 survivors (2048K)
 Metaspace       used 112619K, capacity 115372K, committed 116608K, reserved 1150976K
  class space    used 14513K, capacity 15523K, committed 16000K, reserved 1048576K
}
Event: 37.912 GC heap after
{Heap after GC invocations=41 (full 0):
 garbage-first heap   total 226304K, used 148952K [0x0000000080000000, 0x0000000100000000)
  region size 1024K, 2 young (2048K), 2 survivors (2048K)
 Metaspace       used 112619K, capacity 115372K, committed 116608K, reserved 1150976K
  class space    used 14513K, capacity 15523K, committed 16000K, reserved 1048576K
}
Event: 37.926 GC heap before
{Heap before GC invocations=41 (full 0):
 garbage-first heap   total 226304K, used 151000K [0x0000000080000000, 0x0000000100000000)
  region size 1024K, 5 young (5120K), 2 survivors (2048K)
 Metaspace       used 112621K, capacity 115373K, committed 116608K, reserved 1150976K
  class space    used 14513K, capacity 15523K, committed 16000K, reserved 1048576K
}
Event: 37.933 GC heap after
{Heap after GC invocations=42 (full 0):
 garbage-first heap   total 226304K, used 150438K [0x0000000080000000, 0x0000000100000000)
  region size 1024K, 1 young (1024K), 1 survivors (1024K)
 Metaspace       used 112621K, capacity 115373K, committed 116608K, reserved 1150976K
  class space    used 14513K, capacity 15523K, committed 16000K, reserved 1048576K
}
Event: 38.202 GC heap before
{Heap before GC invocations=43 (full 0):
 garbage-first heap   total 226304K, used 176038K [0x0000000080000000, 0x0000000100000000)
  region size 1024K, 19 young (19456K), 1 survivors (1024K)
 Metaspace       used 112693K, capacity 115451K, committed 116608K, reserved 1150976K
  class space    used 14515K, capacity 15525K, committed 16000K, reserved 1048576K
}
Event: 38.207 GC heap after
{Heap after GC invocations=44 (full 0):
 garbage-first heap   total 226304K, used 161984K [0x0000000080000000, 0x0000000100000000)
  region size 1024K, 3 young (3072K), 3 survivors (3072K)
 Metaspace       used 112693K, capacity 115451K, committed 116608K, reserved 1150976K
  class space    used 14515K, capacity 15525K, committed 16000K, reserved 1048576K
}
Event: 38.225 GC heap before
{Heap before GC invocations=44 (full 0):
 garbage-first heap   total 226304K, used 169152K [0x0000000080000000, 0x0000000100000000)
  region size 1024K, 11 young (11264K), 3 survivors (3072K)
 Metaspace       used 112695K, capacity 115451K, committed 116608K, reserved 1150976K
  class space    used 14515K, capacity 15525K, committed 16000K, reserved 1048576K
}

